zzd/build/outputs/logs/manifest-merger-debug-report.txt
-- Merging decision tree log ---
manifest
ADDED from src\main\AndroidManifest.xml:2:1-250:12
	package
		ADDED from src\main\AndroidManifest.xml:3:5-27
		INJECTED from src\main\AndroidManifest.xml
		INJECTED from src\main\AndroidManifest.xml
	android:versionName
		INJECTED from src\main\AndroidManifest.xml
		INJECTED from src\main\AndroidManifest.xml
	xmlns:android
		ADDED from src\main\AndroidManifest.xml:2:11-69
	android:versionCode
		INJECTED from src\main\AndroidManifest.xml
		INJECTED from src\main\AndroidManifest.xml
uses-permission#android.permission.ACCESS_WIFI_STATE
ADDED from src\main\AndroidManifest.xml:5:5-76
MERGED from [hxsn4:ssk_library:unspecified] AndroidManifest.xml:11:5-76
MERGED from [hxsn4:ssk_library:unspecified] AndroidManifest.xml:21:5-76
	android:name
		ADDED from src\main\AndroidManifest.xml:5:22-73
uses-permission#android.permission.CALL_PHONE
ADDED from src\main\AndroidManifest.xml:6:5-69
MERGED from [hxsn4:ssk_library:unspecified] AndroidManifest.xml:12:5-69
	android:name
		ADDED from src\main\AndroidManifest.xml:6:22-66
uses-permission#android.permission.RECORD_AUDIO
ADDED from src\main\AndroidManifest.xml:7:5-71
MERGED from [hxsn4:ssk_library:unspecified] AndroidManifest.xml:13:5-71
	android:name
		ADDED from src\main\AndroidManifest.xml:7:22-68
uses-permission#android.permission.MODIFY_AUDIO_SETTINGS
ADDED from src\main\AndroidManifest.xml:8:5-80
MERGED from [hxsn4:ssk_library:unspecified] AndroidManifest.xml:14:5-80
	android:name
		ADDED from src\main\AndroidManifest.xml:8:22-77
uses-permission#android.permission.WRITE_EXTERNAL_STORAGE
ADDED from src\main\AndroidManifest.xml:9:5-81
MERGED from [hxsn4:ssk_library:unspecified] AndroidManifest.xml:15:5-81
MERGED from [hxsn4:ssk_library:unspecified] AndroidManifest.xml:29:5-81
	android:name
		ADDED from src\main\AndroidManifest.xml:9:22-78
uses-permission#android.permission.MOUNT_UNMOUNT_FILESYSTEMS
ADDED from src\main\AndroidManifest.xml:10:5-84
MERGED from [hxsn4:ssk_library:unspecified] AndroidManifest.xml:16:5-84
	android:name
		ADDED from src\main\AndroidManifest.xml:10:22-81
uses-permission#android.permission.INTERNET
ADDED from src\main\AndroidManifest.xml:13:5-67
MERGED from [hxsn4:ssk_library:unspecified] AndroidManifest.xml:19:5-67
	android:name
		ADDED from src\main\AndroidManifest.xml:13:22-64
uses-permission#android.permission.ACCESS_NETWORK_STATE
ADDED from src\main\AndroidManifest.xml:14:5-79
MERGED from [hxsn4:ssk_library:unspecified] AndroidManifest.xml:20:5-79
	android:name
		ADDED from src\main\AndroidManifest.xml:14:22-76
uses-permission#android.permission.CHANGE_WIFI_STATE
ADDED from src\main\AndroidManifest.xml:16:5-76
MERGED from [hxsn4:ssk_library:unspecified] AndroidManifest.xml:22:5-76
	android:name
		ADDED from src\main\AndroidManifest.xml:16:22-73
uses-permission#android.permission.READ_PHONE_STATE
ADDED from src\main\AndroidManifest.xml:19:5-75
MERGED from [hxsn4:ssk_library:unspecified] AndroidManifest.xml:25:5-75
	android:name
		ADDED from src\main\AndroidManifest.xml:19:22-72
uses-permission#android.permission.RECEIVE_BOOT_COMPLETED
ADDED from src\main\AndroidManifest.xml:20:5-81
MERGED from [hxsn4:ssk_library:unspecified] AndroidManifest.xml:26:5-81
	android:name
		ADDED from src\main\AndroidManifest.xml:20:22-78
uses-permission#android.permission.WRITE_SETTINGS
ADDED from src\main\AndroidManifest.xml:21:5-73
MERGED from [hxsn4:ssk_library:unspecified] AndroidManifest.xml:27:5-73
	android:name
		ADDED from src\main\AndroidManifest.xml:21:22-70
uses-permission#android.permission.VIBRATE
ADDED from src\main\AndroidManifest.xml:22:5-66
MERGED from [hxsn4:ssk_library:unspecified] AndroidManifest.xml:28:5-66
	android:name
		ADDED from src\main\AndroidManifest.xml:22:22-63
uses-permission#android.permission.DISABLE_KEYGUARD
ADDED from src\main\AndroidManifest.xml:24:5-75
MERGED from [hxsn4:ssk_library:unspecified] AndroidManifest.xml:30:5-75
	android:name
		ADDED from src\main\AndroidManifest.xml:24:22-72
uses-permission#android.permission.ACCESS_COARSE_LOCATION
ADDED from src\main\AndroidManifest.xml:25:5-81
MERGED from [hxsn4:ssk_library:unspecified] AndroidManifest.xml:31:5-81
	android:name
		ADDED from src\main\AndroidManifest.xml:25:22-78
uses-permission#android.permission.ACCESS_DOWNLOAD_MANAGER
ADDED from src\main\AndroidManifest.xml:26:5-82
MERGED from [hxsn4:ssk_library:unspecified] AndroidManifest.xml:32:5-82
	android:name
		ADDED from src\main\AndroidManifest.xml:26:22-79
uses-permission#android.permission.DOWNLOAD_WITHOUT_NOTIFICATION
ADDED from src\main\AndroidManifest.xml:27:5-88
MERGED from [hxsn4:ssk_library:unspecified] AndroidManifest.xml:33:5-88
	android:name
		ADDED from src\main\AndroidManifest.xml:27:22-85
uses-permission#android.permission.EXPAND_STATUS_BAR
ADDED from src\main\AndroidManifest.xml:28:5-76
MERGED from [hxsn4:ssk_library:unspecified] AndroidManifest.xml:34:5-76
	android:name
		ADDED from src\main\AndroidManifest.xml:28:22-73
uses-permission#android.permission.CAMERA
ADDED from src\main\AndroidManifest.xml:31:5-65
	android:name
		ADDED from src\main\AndroidManifest.xml:31:22-62
uses-feature#android.hardware.camera
ADDED from src\main\AndroidManifest.xml:33:5-60
	android:name
		ADDED from src\main\AndroidManifest.xml:33:19-57
uses-feature#android.hardware.camera.autofocus
ADDED from src\main\AndroidManifest.xml:34:5-70
	android:name
		ADDED from src\main\AndroidManifest.xml:34:19-67
uses-permission#android.permission.FLASHLIGHT
ADDED from src\main\AndroidManifest.xml:37:5-69
	android:name
		ADDED from src\main\AndroidManifest.xml:37:22-66
uses-permission#android.permission.CHANGE_WIFI_MULTICAST_STATE
ADDED from src\main\AndroidManifest.xml:38:5-86
	android:name
		ADDED from src\main\AndroidManifest.xml:38:22-83
uses-permission#android.permission.READ_EXTERNAL_STORAGE
ADDED from src\main\AndroidManifest.xml:39:5-80
	android:name
		ADDED from src\main\AndroidManifest.xml:39:22-77
meta-data#api_key
ADDED from src\main\AndroidManifest.xml:42:5-44:52
	android:value
		ADDED from src\main\AndroidManifest.xml:44:9-49
	android:name
		ADDED from src\main\AndroidManifest.xml:43:9-31
supports-screens
ADDED from src\main\AndroidManifest.xml:46:5-51:40
	android:largeScreens
		ADDED from src\main\AndroidManifest.xml:48:9-36
	android:normalScreens
		ADDED from src\main\AndroidManifest.xml:49:9-37
	android:xlargeScreens
		ADDED from src\main\AndroidManifest.xml:51:9-37
	android:resizeable
		ADDED from src\main\AndroidManifest.xml:50:9-34
	android:anyDensity
		ADDED from src\main\AndroidManifest.xml:47:9-34
application
ADDED from src\main\AndroidManifest.xml:53:5-248:19
MERGED from [hxsn4:ssk_library:unspecified] AndroidManifest.xml:36:5-40:19
MERGED from [com.android.support:appcompat-v7:23.4.0] AndroidManifest.xml:25:5-20
MERGED from [com.android.support:animated-vector-drawable:23.4.0] AndroidManifest.xml:7:5-20
MERGED from [com.android.support:support-vector-drawable:23.4.0] AndroidManifest.xml:7:5-20
MERGED from [com.android.support:support-v4:23.4.0] AndroidManifest.xml:22:5-20
	android:screenOrientation
		ADDED from src\main\AndroidManifest.xml:58:9-45
	android:label
		ADDED from src\main\AndroidManifest.xml:57:9-41
	android:supportsRtl
		ADDED from src\main\AndroidManifest.xml:59:9-35
	android:allowBackup
		ADDED from src\main\AndroidManifest.xml:55:9-35
	android:icon
		ADDED from src\main\AndroidManifest.xml:56:9-41
	android:theme
		ADDED from src\main\AndroidManifest.xml:60:9-56
	android:name
		ADDED from src\main\AndroidManifest.xml:54:9-37
activity#com.hxsn.zzd.MainActivity
ADDED from src\main\AndroidManifest.xml:61:9-70:20
	android:screenOrientation
		ADDED from src\main\AndroidManifest.xml:64:13-49
	android:launchMode
		ADDED from src\main\AndroidManifest.xml:63:13-44
	android:name
		ADDED from src\main\AndroidManifest.xml:62:13-41
intent-filter#android.intent.action.MAIN+android.intent.category.LAUNCHER
ADDED from src\main\AndroidManifest.xml:65:13-69:29
action#android.intent.action.MAIN
ADDED from src\main\AndroidManifest.xml:66:17-69
	android:name
		ADDED from src\main\AndroidManifest.xml:66:25-66
category#android.intent.category.LAUNCHER
ADDED from src\main\AndroidManifest.xml:68:17-77
	android:name
		ADDED from src\main\AndroidManifest.xml:68:27-74
activity#com.hxsn.zzd.activity.WelcomeActivity
ADDED from src\main\AndroidManifest.xml:71:9-73:52
	android:screenOrientation
		ADDED from src\main\AndroidManifest.xml:73:13-49
	android:name
		ADDED from src\main\AndroidManifest.xml:72:13-53
activity#com.hxsn.zzd.activity.LoginActivity
ADDED from src\main\AndroidManifest.xml:74:9-76:52
	android:screenOrientation
		ADDED from src\main\AndroidManifest.xml:76:13-49
	android:name
		ADDED from src\main\AndroidManifest.xml:75:13-51
activity#com.hxsn.zzd.activity.HomeActivity
ADDED from src\main\AndroidManifest.xml:77:9-79:52
	android:screenOrientation
		ADDED from src\main\AndroidManifest.xml:79:13-49
	android:name
		ADDED from src\main\AndroidManifest.xml:78:13-50
activity#com.hxsn.zzd.activity.PasswordEditActivity
ADDED from src\main\AndroidManifest.xml:80:9-83:52
	android:screenOrientation
		ADDED from src\main\AndroidManifest.xml:83:13-49
	android:label
		ADDED from src\main\AndroidManifest.xml:82:13-65
	android:name
		ADDED from src\main\AndroidManifest.xml:81:13-58
activity#com.hxsn.zzd.activity.AboutUsActivity
ADDED from src\main\AndroidManifest.xml:84:9-87:52
	android:screenOrientation
		ADDED from src\main\AndroidManifest.xml:87:13-49
	android:label
		ADDED from src\main\AndroidManifest.xml:86:13-60
	android:name
		ADDED from src\main\AndroidManifest.xml:85:13-53
activity#com.hxsn.zzd.activity.SettingActivity
ADDED from src\main\AndroidManifest.xml:88:9-91:52
	android:screenOrientation
		ADDED from src\main\AndroidManifest.xml:91:13-49
	android:label
		ADDED from src\main\AndroidManifest.xml:90:13-59
	android:name
		ADDED from src\main\AndroidManifest.xml:89:13-53
activity#com.hxsn.zzd.activity.SetTextActivity
ADDED from src\main\AndroidManifest.xml:92:9-95:52
	android:screenOrientation
		ADDED from src\main\AndroidManifest.xml:95:13-49
	android:label
		ADDED from src\main\AndroidManifest.xml:94:13-60
	android:name
		ADDED from src\main\AndroidManifest.xml:93:13-53
receiver#com.baidu.android.pushservice.PushServiceReceiver
ADDED from src\main\AndroidManifest.xml:99:9-113:20
	android:process
		ADDED from src\main\AndroidManifest.xml:101:13-44
	android:name
		ADDED from src\main\AndroidManifest.xml:100:13-77
intent-filter#android.intent.action.ACTION_POWER_CONNECTED+android.intent.action.ACTION_POWER_DISCONNECTED+android.intent.action.BOOT_COMPLETED+android.intent.action.MEDIA_MOUNTED+android.intent.action.USER_PRESENT+android.net.conn.CONNECTIVITY_CHANGE+com.baidu.android.pushservice.action.media.CLICK+com.baidu.android.pushservice.action.notification.SHOW
ADDED from src\main\AndroidManifest.xml:102:13-112:29
action#android.intent.action.BOOT_COMPLETED
ADDED from src\main\AndroidManifest.xml:103:17-79
	android:name
		ADDED from src\main\AndroidManifest.xml:103:25-76
action#android.net.conn.CONNECTIVITY_CHANGE
ADDED from src\main\AndroidManifest.xml:104:17-79
	android:name
		ADDED from src\main\AndroidManifest.xml:104:25-76
action#com.baidu.android.pushservice.action.notification.SHOW
ADDED from src\main\AndroidManifest.xml:105:17-97
	android:name
		ADDED from src\main\AndroidManifest.xml:105:25-94
action#com.baidu.android.pushservice.action.media.CLICK
ADDED from src\main\AndroidManifest.xml:106:17-91
	android:name
		ADDED from src\main\AndroidManifest.xml:106:25-88
action#android.intent.action.MEDIA_MOUNTED
ADDED from src\main\AndroidManifest.xml:108:17-78
	android:name
		ADDED from src\main\AndroidManifest.xml:108:25-75
action#android.intent.action.USER_PRESENT
ADDED from src\main\AndroidManifest.xml:109:17-77
	android:name
		ADDED from src\main\AndroidManifest.xml:109:25-74
action#android.intent.action.ACTION_POWER_CONNECTED
ADDED from src\main\AndroidManifest.xml:110:17-87
	android:name
		ADDED from src\main\AndroidManifest.xml:110:25-84
action#android.intent.action.ACTION_POWER_DISCONNECTED
ADDED from src\main\AndroidManifest.xml:111:17-90
	android:name
		ADDED from src\main\AndroidManifest.xml:111:25-87
receiver#com.baidu.android.pushservice.RegistrationReceiver
ADDED from src\main\AndroidManifest.xml:115:9-127:20
	android:process
		ADDED from src\main\AndroidManifest.xml:117:13-44
	android:name
		ADDED from src\main\AndroidManifest.xml:116:13-78
intent-filter#com.baidu.android.pushservice.action.BIND_SYNC+com.baidu.android.pushservice.action.METHOD
ADDED from src\main\AndroidManifest.xml:118:13-121:29
action#com.baidu.android.pushservice.action.METHOD
ADDED from src\main\AndroidManifest.xml:119:17-86
	android:name
		ADDED from src\main\AndroidManifest.xml:119:25-83
action#com.baidu.android.pushservice.action.BIND_SYNC
ADDED from src\main\AndroidManifest.xml:120:17-89
	android:name
		ADDED from src\main\AndroidManifest.xml:120:25-86
intent-filter#android.intent.action.PACKAGE_REMOVED
ADDED from src\main\AndroidManifest.xml:122:13-126:29
action#android.intent.action.PACKAGE_REMOVED
ADDED from src\main\AndroidManifest.xml:123:17-80
	android:name
		ADDED from src\main\AndroidManifest.xml:123:25-77
data
ADDED from src\main\AndroidManifest.xml:125:17-50
	android:scheme
		ADDED from src\main\AndroidManifest.xml:125:23-47
service#com.baidu.android.pushservice.PushService
ADDED from src\main\AndroidManifest.xml:129:9-136:19
	android:process
		ADDED from src\main\AndroidManifest.xml:132:13-44
	android:exported
		ADDED from src\main\AndroidManifest.xml:131:13-36
	android:name
		ADDED from src\main\AndroidManifest.xml:130:13-69
intent-filter#com.baidu.android.pushservice.action.PUSH_SERVICE
ADDED from src\main\AndroidManifest.xml:133:13-135:29
action#com.baidu.android.pushservice.action.PUSH_SERVICE
ADDED from src\main\AndroidManifest.xml:134:17-92
	android:name
		ADDED from src\main\AndroidManifest.xml:134:25-89
service#com.baidu.android.pushservice.CommandService
ADDED from src\main\AndroidManifest.xml:138:9-140:39
	android:exported
		ADDED from src\main\AndroidManifest.xml:140:13-36
	android:name
		ADDED from src\main\AndroidManifest.xml:139:13-72
receiver#com.hxsn.zzd.service.BaiduPushMessageReceiver
ADDED from src\main\AndroidManifest.xml:145:9-155:20
	android:name
		ADDED from src\main\AndroidManifest.xml:145:19-67
intent-filter#com.baidu.android.pushservice.action.MESSAGE+com.baidu.android.pushservice.action.RECEIVE+com.baidu.android.pushservice.action.notification.CLICK
ADDED from src\main\AndroidManifest.xml:146:13-154:29
action#com.baidu.android.pushservice.action.MESSAGE
ADDED from src\main\AndroidManifest.xml:149:17-87
	android:name
		ADDED from src\main\AndroidManifest.xml:149:25-84
action#com.baidu.android.pushservice.action.RECEIVE
ADDED from src\main\AndroidManifest.xml:151:17-87
	android:name
		ADDED from src\main\AndroidManifest.xml:151:25-84
action#com.baidu.android.pushservice.action.notification.CLICK
ADDED from src\main\AndroidManifest.xml:153:17-98
	android:name
		ADDED from src\main\AndroidManifest.xml:153:25-95
activity#com.hxsn.zzd.activity.WarnningActivity
ADDED from src\main\AndroidManifest.xml:157:9-162:52
	android:screenOrientation
		ADDED from src\main\AndroidManifest.xml:162:13-49
	android:label
		ADDED from src\main\AndroidManifest.xml:160:13-60
	android:launchMode
		ADDED from src\main\AndroidManifest.xml:161:13-44
	android:exported
		ADDED from src\main\AndroidManifest.xml:159:13-36
	android:name
		ADDED from src\main\AndroidManifest.xml:158:13-54
activity#com.hxsn.zzd.activity.NewsActivity
ADDED from src\main\AndroidManifest.xml:163:9-168:52
	android:screenOrientation
		ADDED from src\main\AndroidManifest.xml:168:13-49
	android:label
		ADDED from src\main\AndroidManifest.xml:166:13-56
	android:launchMode
		ADDED from src\main\AndroidManifest.xml:167:13-44
	android:exported
		ADDED from src\main\AndroidManifest.xml:165:13-36
	android:name
		ADDED from src\main\AndroidManifest.xml:164:13-50
activity#com.hxsn.zzd.activity.SendQuestActivity
ADDED from src\main\AndroidManifest.xml:169:9-172:52
	android:screenOrientation
		ADDED from src\main\AndroidManifest.xml:172:13-49
	android:label
		ADDED from src\main\AndroidManifest.xml:171:13-64
	android:name
		ADDED from src\main\AndroidManifest.xml:170:13-55
activity#com.hxsn.zzd.activity.VersionInfoActivity
ADDED from src\main\AndroidManifest.xml:173:9-175:67
	android:label
		ADDED from src\main\AndroidManifest.xml:175:13-64
	android:name
		ADDED from src\main\AndroidManifest.xml:174:13-57
activity#com.hxsn.zzd.activity.SystemSettingActivity
ADDED from src\main\AndroidManifest.xml:176:9-178:69
	android:label
		ADDED from src\main\AndroidManifest.xml:178:13-66
	android:name
		ADDED from src\main\AndroidManifest.xml:177:13-59
activity#com.videogo.main.EzvizWebViewActivity
ADDED from src\main\AndroidManifest.xml:179:9-182:52
	android:screenOrientation
		ADDED from src\main\AndroidManifest.xml:182:13-49
	android:configChanges
		ADDED from src\main\AndroidManifest.xml:181:13-63
	android:name
		ADDED from src\main\AndroidManifest.xml:180:13-65
activity#com.videogo.ui.cameralist.EZCameraListActivity
ADDED from src\main\AndroidManifest.xml:183:9-83
	android:name
		ADDED from src\main\AndroidManifest.xml:183:19-80
activity#com.videogo.remoteplayback.list.PlayBackListActivity
ADDED from src\main\AndroidManifest.xml:189:9-192:52
	android:screenOrientation
		ADDED from src\main\AndroidManifest.xml:192:13-49
	android:configChanges
		ADDED from src\main\AndroidManifest.xml:191:13-74
	android:name
		ADDED from src\main\AndroidManifest.xml:190:13-80
activity#com.videogo.ui.realplay.EZRealPlayActivity
ADDED from src\main\AndroidManifest.xml:193:9-196:52
	android:screenOrientation
		ADDED from src\main\AndroidManifest.xml:196:13-49
	android:configChanges
		ADDED from src\main\AndroidManifest.xml:195:13-74
	android:name
		ADDED from src\main\AndroidManifest.xml:194:13-70
activity#com.videogo.ui.message.EZMessageImageActivity2
ADDED from src\main\AndroidManifest.xml:197:9-199:52
	android:screenOrientation
		ADDED from src\main\AndroidManifest.xml:199:13-49
	android:name
		ADDED from src\main\AndroidManifest.xml:198:13-74
activity#com.videogo.ui.message.EZMessageActivity2
ADDED from src\main\AndroidManifest.xml:200:9-202:52
	android:screenOrientation
		ADDED from src\main\AndroidManifest.xml:202:13-49
	android:name
		ADDED from src\main\AndroidManifest.xml:201:13-69
activity#com.videogo.ui.remoteplayback.EZRemotePlayBackActivity
ADDED from src\main\AndroidManifest.xml:203:9-206:52
	android:screenOrientation
		ADDED from src\main\AndroidManifest.xml:206:13-49
	android:configChanges
		ADDED from src\main\AndroidManifest.xml:205:13-74
	android:name
		ADDED from src\main\AndroidManifest.xml:204:13-82
activity#com.videogo.devicemgt.EZDeviceSettingActivity
ADDED from src\main\AndroidManifest.xml:207:9-209:52
	android:screenOrientation
		ADDED from src\main\AndroidManifest.xml:209:13-49
	android:name
		ADDED from src\main\AndroidManifest.xml:208:13-73
activity#com.videogo.devicemgt.ModifyDeviceNameActivity
ADDED from src\main\AndroidManifest.xml:210:9-212:52
	android:screenOrientation
		ADDED from src\main\AndroidManifest.xml:212:13-49
	android:name
		ADDED from src\main\AndroidManifest.xml:211:13-74
activity#com.videogo.scan.main.CaptureActivity
ADDED from src\main\AndroidManifest.xml:213:9-215:52
	android:screenOrientation
		ADDED from src\main\AndroidManifest.xml:215:13-49
	android:name
		ADDED from src\main\AndroidManifest.xml:214:13-65
activity#com.videogo.ui.devicelist.SeriesNumSearchActivity
ADDED from src\main\AndroidManifest.xml:216:9-220:58
	android:screenOrientation
		ADDED from src\main\AndroidManifest.xml:219:13-49
	android:launchMode
		ADDED from src\main\AndroidManifest.xml:218:13-44
	android:windowSoftInputMode
		ADDED from src\main\AndroidManifest.xml:220:13-55
	android:name
		ADDED from src\main\AndroidManifest.xml:217:13-77
activity#com.videogo.ui.devicelist.AutoWifiNetConfigActivity
ADDED from src\main\AndroidManifest.xml:221:9-223:52
	android:screenOrientation
		ADDED from src\main\AndroidManifest.xml:223:13-49
	android:name
		ADDED from src\main\AndroidManifest.xml:222:13-79
activity#com.videogo.ui.devicelist.AutoWifiConnectingActivity
ADDED from src\main\AndroidManifest.xml:224:9-226:52
	android:screenOrientation
		ADDED from src\main\AndroidManifest.xml:226:13-49
	android:name
		ADDED from src\main\AndroidManifest.xml:225:13-80
activity#com.videogo.ui.devicelist.AutoWifiPrepareStepOneActivity
ADDED from src\main\AndroidManifest.xml:227:9-229:52
	android:screenOrientation
		ADDED from src\main\AndroidManifest.xml:229:13-49
	android:name
		ADDED from src\main\AndroidManifest.xml:228:13-84
activity#com.videogo.ui.devicelist.AutoWifiResetActivity
ADDED from src\main\AndroidManifest.xml:230:9-232:52
	android:screenOrientation
		ADDED from src\main\AndroidManifest.xml:232:13-49
	android:name
		ADDED from src\main\AndroidManifest.xml:231:13-75
receiver#com.hxsn.zzd.service.EzvizBroadcastReceiver
ADDED from src\main\AndroidManifest.xml:234:9-243:20
	android:enabled
		ADDED from src\main\AndroidManifest.xml:236:13-35
	android:exported
		ADDED from src\main\AndroidManifest.xml:237:13-37
	android:name
		ADDED from src\main\AndroidManifest.xml:235:13-59
intent-filter#android.net.conn.CONNECTIVITY_CHANGE+com.videogo.action.ADD_DEVICE_SUCCESS_ACTION+com.videogo.action.OAUTH_SUCCESS_ACTION
ADDED from src\main\AndroidManifest.xml:238:13-242:29
action#com.videogo.action.ADD_DEVICE_SUCCESS_ACTION
ADDED from src\main\AndroidManifest.xml:239:17-87
	android:name
		ADDED from src\main\AndroidManifest.xml:239:25-84
action#com.videogo.action.OAUTH_SUCCESS_ACTION
ADDED from src\main\AndroidManifest.xml:240:17-82
	android:name
		ADDED from src\main\AndroidManifest.xml:240:25-79
activity#com.hxsn.zzd.activity.LoginTestActivity
ADDED from src\main\AndroidManifest.xml:245:9-64
	android:name
		ADDED from src\main\AndroidManifest.xml:245:19-61
activity#com.hxsn.zzd.activity.TestActivity
ADDED from src\main\AndroidManifest.xml:246:9-59
	android:name
		ADDED from src\main\AndroidManifest.xml:246:19-56
activity#com.hxsn.zzd.activity.TestPlayActivity
ADDED from src\main\AndroidManifest.xml:247:9-72
	android:name
		ADDED from src\main\AndroidManifest.xml:247:19-60
uses-sdk
INJECTED from src\main\AndroidManifest.xml reason: use-sdk injection requested
MERGED from [hxsn4:ssk_library:unspecified] AndroidManifest.xml:7:5-9:41
MERGED from [com.android.support:appcompat-v7:23.4.0] AndroidManifest.xml:21:5-23:78
MERGED from [com.android.support:animated-vector-drawable:23.4.0] AndroidManifest.xml:5:5-44
MERGED from [com.android.support:support-vector-drawable:23.4.0] AndroidManifest.xml:5:5-43
MERGED from [com.android.support:support-v4:23.4.0] AndroidManifest.xml:20:5-43
	tools:overrideLibrary
		ADDED from [com.android.support:appcompat-v7:23.4.0] AndroidManifest.xml:23:9-75
	android:targetSdkVersion
		INJECTED from src\main\AndroidManifest.xml
		INJECTED from src\main\AndroidManifest.xml
	android:minSdkVersion
		INJECTED from src\main\AndroidManifest.xml
		INJECTED from src\main\AndroidManifest.xml